Sending build context to Docker daemon  749.6kB
Step 1/6 : FROM python:3.7.3-stretch
 ---> 34a518642c76
Step 2/6 : WORKDIR /app
 ---> Running in 39a56e457d61
Removing intermediate container 39a56e457d61
 ---> 42d82c82360c
Step 3/6 : COPY . app.py /app/
 ---> cd7321cdd992
Step 4/6 : RUN pip3 install --upgrade pip &&    pip3 install -r requirements.txt
 ---> Running in 70c18dc658e9
Collecting pip
  Downloading https://files.pythonhosted.org/packages/fe/ef/60d7ba03b5c442309ef42e7d69959f73aacccd0d86008362a681c4698e83/pip-21.0.1-py3-none-any.whl (1.5MB)
Installing collected packages: pip
  Found existing installation: pip 19.1.1
    Uninstalling pip-19.1.1:
      Successfully uninstalled pip-19.1.1
Successfully installed pip-21.0.1
Collecting Click==7.0
  Downloading Click-7.0-py2.py3-none-any.whl (81 kB)
Collecting Flask==1.0.2
  Downloading Flask-1.0.2-py2.py3-none-any.whl (91 kB)
Collecting itsdangerous==1.1.0
  Downloading itsdangerous-1.1.0-py2.py3-none-any.whl (16 kB)
Collecting Jinja2==2.10.3
  Downloading Jinja2-2.10.3-py2.py3-none-any.whl (125 kB)
Collecting MarkupSafe==1.1.1
  Downloading MarkupSafe-1.1.1-cp37-cp37m-manylinux2010_x86_64.whl (33 kB)
Collecting numpy==1.17.2
  Downloading numpy-1.17.2-cp37-cp37m-manylinux1_x86_64.whl (20.3 MB)
Collecting pandas==0.24.2
  Downloading pandas-0.24.2-cp37-cp37m-manylinux1_x86_64.whl (10.1 MB)
Collecting python-dateutil==2.8.0
  Downloading python_dateutil-2.8.0-py2.py3-none-any.whl (226 kB)
Collecting pytz==2019.3
  Downloading pytz-2019.3-py2.py3-none-any.whl (509 kB)
Collecting scikit-learn==0.20.3
  Downloading scikit_learn-0.20.3-cp37-cp37m-manylinux1_x86_64.whl (5.4 MB)
Collecting scipy==1.3.1
  Downloading scipy-1.3.1-cp37-cp37m-manylinux1_x86_64.whl (25.2 MB)
Collecting six==1.12.0
  Downloading six-1.12.0-py2.py3-none-any.whl (10 kB)
Collecting Werkzeug==0.16.0
  Downloading Werkzeug-0.16.0-py2.py3-none-any.whl (327 kB)
Installing collected packages: six, numpy, MarkupSafe, Werkzeug, scipy, pytz, python-dateutil, Jinja2, itsdangerous, Click, scikit-learn, pandas, Flask
Successfully installed Click-7.0 Flask-1.0.2 Jinja2-2.10.3 MarkupSafe-1.1.1 Werkzeug-0.16.0 itsdangerous-1.1.0 numpy-1.17.2 pandas-0.24.2 python-dateutil-2.8.0 pytz-2019.3 scikit-learn-0.20.3 scipy-1.3.1 six-1.12.0
Error processing tar file(exit status 1): write /usr/local/lib/python3.7/site-packages/numpy/.libs/libopenblasp-r0-2ecf47d5.3.7.dev.so: no space left on device
REPOSITORY          TAG                 IMAGE ID            CREATED             SIZE
<none>              <none>              cd7321cdd992        22 seconds ago      930MB
lambci/lambda       nodejs12.x          22a4ada8399c        2 months ago        390MB
lambci/lambda       python2.7           d96a01fe4c80        2 months ago        763MB
lambci/lambda       nodejs8.10          5754fee26e6e        2 months ago        813MB
python              3.7.3-stretch       34a518642c76        21 months ago       929MB
Unable to find image 'api-endpoint:latest' locally
docker: Error response from daemon: pull access denied for api-endpoint, repository does not exist or may require 'docker login': denied: requested access to the resource is denied.
See 'docker run --help'.
Sending build context to Docker daemon  753.2kB
Step 1/6 : FROM python:3.7.3-stretch
 ---> 34a518642c76
Step 2/6 : WORKDIR /app
 ---> Running in bce28e3394d3
Removing intermediate container bce28e3394d3
 ---> d7ad5d0ce721
Step 3/6 : COPY . app.py /app/
 ---> a428fac8d1bd
Step 4/6 : RUN pip3 install --upgrade pip &&    pip3 install -r requirements.txt
 ---> Running in 3eb82ed5d28c
Collecting pip
  Downloading https://files.pythonhosted.org/packages/fe/ef/60d7ba03b5c442309ef42e7d69959f73aacccd0d86008362a681c4698e83/pip-21.0.1-py3-none-any.whl (1.5MB)
Installing collected packages: pip
  Found existing installation: pip 19.1.1
    Uninstalling pip-19.1.1:
      Successfully uninstalled pip-19.1.1
Successfully installed pip-21.0.1
Collecting Click==7.0
  Downloading Click-7.0-py2.py3-none-any.whl (81 kB)
Collecting Flask==1.0.2
  Downloading Flask-1.0.2-py2.py3-none-any.whl (91 kB)
Collecting itsdangerous==1.1.0
  Downloading itsdangerous-1.1.0-py2.py3-none-any.whl (16 kB)
Collecting Jinja2==2.10.3
  Downloading Jinja2-2.10.3-py2.py3-none-any.whl (125 kB)
Collecting MarkupSafe==1.1.1
  Downloading MarkupSafe-1.1.1-cp37-cp37m-manylinux2010_x86_64.whl (33 kB)
Collecting numpy==1.17.2
  Downloading numpy-1.17.2-cp37-cp37m-manylinux1_x86_64.whl (20.3 MB)
Collecting pandas==0.24.2
  Downloading pandas-0.24.2-cp37-cp37m-manylinux1_x86_64.whl (10.1 MB)
Collecting python-dateutil==2.8.0
  Downloading python_dateutil-2.8.0-py2.py3-none-any.whl (226 kB)
Collecting pytz==2019.3
  Downloading pytz-2019.3-py2.py3-none-any.whl (509 kB)
Collecting scikit-learn==0.20.3
  Downloading scikit_learn-0.20.3-cp37-cp37m-manylinux1_x86_64.whl (5.4 MB)
[91mERROR: Could not install packages due to an OSError: [Errno 28] No space left on device

[0mThe command '/bin/sh -c pip3 install --upgrade pip &&    pip3 install -r requirements.txt' returned a non-zero code: 1
REPOSITORY          TAG                 IMAGE ID            CREATED             SIZE
<none>              <none>              a428fac8d1bd        8 seconds ago       930MB
lambci/lambda       nodejs12.x          22a4ada8399c        2 months ago        390MB
lambci/lambda       python2.7           d96a01fe4c80        2 months ago        763MB
lambci/lambda       nodejs8.10          5754fee26e6e        2 months ago        813MB
python              3.7.3-stretch       34a518642c76        21 months ago       929MB
Unable to find image 'api-endpoint:latest' locally
docker: Error response from daemon: pull access denied for api-endpoint, repository does not exist or may require 'docker login': denied: requested access to the resource is denied.
See 'docker run --help'.
Sending build context to Docker daemon  755.7kB
Step 1/6 : FROM python:3.7.3-stretch
 ---> 34a518642c76
Step 2/6 : WORKDIR /app
 ---> Running in 3cd11630c7be
Removing intermediate container 3cd11630c7be
 ---> 7e6485b52854
Step 3/6 : COPY . app.py /app/
 ---> 9da0aa9d7fe5
Step 4/6 : RUN pip3 install --upgrade pip &&    pip3 install -r requirements.txt
 ---> Running in b3e01db1979f
Collecting pip
  Downloading https://files.pythonhosted.org/packages/fe/ef/60d7ba03b5c442309ef42e7d69959f73aacccd0d86008362a681c4698e83/pip-21.0.1-py3-none-any.whl (1.5MB)
Installing collected packages: pip
  Found existing installation: pip 19.1.1
    Uninstalling pip-19.1.1:
      Successfully uninstalled pip-19.1.1
Successfully installed pip-21.0.1
Collecting Click==7.0
  Downloading Click-7.0-py2.py3-none-any.whl (81 kB)
Collecting Flask==1.0.2
  Downloading Flask-1.0.2-py2.py3-none-any.whl (91 kB)
Collecting itsdangerous==1.1.0
  Downloading itsdangerous-1.1.0-py2.py3-none-any.whl (16 kB)
Collecting Jinja2==2.10.3
  Downloading Jinja2-2.10.3-py2.py3-none-any.whl (125 kB)
Collecting MarkupSafe==1.1.1
  Downloading MarkupSafe-1.1.1-cp37-cp37m-manylinux2010_x86_64.whl (33 kB)
Collecting numpy==1.17.2
  Downloading numpy-1.17.2-cp37-cp37m-manylinux1_x86_64.whl (20.3 MB)
Collecting pandas==0.24.2
  Downloading pandas-0.24.2-cp37-cp37m-manylinux1_x86_64.whl (10.1 MB)
Collecting python-dateutil==2.8.0
  Downloading python_dateutil-2.8.0-py2.py3-none-any.whl (226 kB)
Collecting pytz==2019.3
  Downloading pytz-2019.3-py2.py3-none-any.whl (509 kB)
Collecting scikit-learn==0.20.3
  Downloading scikit_learn-0.20.3-cp37-cp37m-manylinux1_x86_64.whl (5.4 MB)
Collecting scipy==1.3.1
  Downloading scipy-1.3.1-cp37-cp37m-manylinux1_x86_64.whl (25.2 MB)
Collecting six==1.12.0
  Downloading six-1.12.0-py2.py3-none-any.whl (10 kB)
Collecting Werkzeug==0.16.0
  Downloading Werkzeug-0.16.0-py2.py3-none-any.whl (327 kB)
Installing collected packages: six, numpy, MarkupSafe, Werkzeug, scipy, pytz, python-dateutil, Jinja2, itsdangerous, Click, scikit-learn, pandas, Flask
Successfully installed Click-7.0 Flask-1.0.2 Jinja2-2.10.3 MarkupSafe-1.1.1 Werkzeug-0.16.0 itsdangerous-1.1.0 numpy-1.17.2 pandas-0.24.2 python-dateutil-2.8.0 pytz-2019.3 scikit-learn-0.20.3 scipy-1.3.1 six-1.12.0
Removing intermediate container b3e01db1979f
 ---> 706bb56ef7a9
Step 5/6 : EXPOSE 80
 ---> Running in 1c1f62ec3951
Removing intermediate container 1c1f62ec3951
 ---> 831d944508f0
Step 6/6 : CMD ["python","app.py"]
 ---> Running in 86205698ac93
Removing intermediate container 86205698ac93
 ---> 30203e943d7c
Successfully built 30203e943d7c
Successfully tagged api-endpoint:latest
REPOSITORY          TAG                 IMAGE ID            CREATED                  SIZE
api-endpoint        latest              30203e943d7c        Less than a second ago   1.24GB
lambci/lambda       nodejs12.x          22a4ada8399c        2 months ago             390MB
python              3.7.3-stretch       34a518642c76        21 months ago            929MB
 * Serving Flask app "app" (lazy loading)
 * Environment: production
   WARNING: Do not use the development server in a production environment.
   Use a production WSGI server instead.
 * Debug mode: on
 * Running on http://0.0.0.0:80/ (Press CTRL+C to quit)
 * Restarting with stat
 * Debugger is active!
 * Debugger PIN: 317-522-182
[2021-03-31 15:06:06,996] INFO in app: JSON payload: 
{'CHAS': {'0': 0}, 'RM': {'0': 6.575}, 'TAX': {'0': 296.0}, 'PTRATIO': {'0': 15.3}, 'B': {'0': 396.9}, 'LSTAT': {'0': 4.98}}
[2021-03-31 15:06:07,015] INFO in app: Inference payload DataFrame: 
   CHAS     RM    TAX  PTRATIO      B  LSTAT
0     0  6.575  296.0     15.3  396.9   4.98
[2021-03-31 15:06:07,028] INFO in app: Scaling Payload: 
   CHAS     RM    TAX  PTRATIO      B  LSTAT
0     0  6.575  296.0     15.3  396.9   4.98
172.17.0.1 - - [31/Mar/2021 15:06:07] "POST /predict HTTP/1.1" 200 -
Sending build context to Docker daemon  759.8kB
Step 1/6 : FROM python:3.7.3-stretch
 ---> 34a518642c76
Step 2/6 : WORKDIR /app
 ---> Running in 5dba3ad5885a
Removing intermediate container 5dba3ad5885a
 ---> 0a7502974a66
Step 3/6 : COPY . app.py /app/
 ---> 29a596287885
Step 4/6 : RUN pip3 install --upgrade pip &&    pip3 install -r requirements.txt
 ---> Running in e3ded3c18098
Collecting pip
  Downloading https://files.pythonhosted.org/packages/fe/ef/60d7ba03b5c442309ef42e7d69959f73aacccd0d86008362a681c4698e83/pip-21.0.1-py3-none-any.whl (1.5MB)
Installing collected packages: pip
  Found existing installation: pip 19.1.1
    Uninstalling pip-19.1.1:
      Successfully uninstalled pip-19.1.1
Successfully installed pip-21.0.1
Collecting Click==7.0
  Downloading Click-7.0-py2.py3-none-any.whl (81 kB)
Collecting Flask==1.0.2
  Downloading Flask-1.0.2-py2.py3-none-any.whl (91 kB)
Collecting itsdangerous==1.1.0
  Downloading itsdangerous-1.1.0-py2.py3-none-any.whl (16 kB)
Collecting Jinja2==2.10.3
  Downloading Jinja2-2.10.3-py2.py3-none-any.whl (125 kB)
Collecting MarkupSafe==1.1.1
  Downloading MarkupSafe-1.1.1-cp37-cp37m-manylinux2010_x86_64.whl (33 kB)
Collecting numpy==1.17.2
  Downloading numpy-1.17.2-cp37-cp37m-manylinux1_x86_64.whl (20.3 MB)
Collecting pandas==0.24.2
  Downloading pandas-0.24.2-cp37-cp37m-manylinux1_x86_64.whl (10.1 MB)
Collecting python-dateutil==2.8.0
  Downloading python_dateutil-2.8.0-py2.py3-none-any.whl (226 kB)
Collecting pytz==2019.3
  Downloading pytz-2019.3-py2.py3-none-any.whl (509 kB)
Collecting scikit-learn==0.20.3
  Downloading scikit_learn-0.20.3-cp37-cp37m-manylinux1_x86_64.whl (5.4 MB)
Collecting scipy==1.3.1
  Downloading scipy-1.3.1-cp37-cp37m-manylinux1_x86_64.whl (25.2 MB)
Collecting six==1.12.0
  Downloading six-1.12.0-py2.py3-none-any.whl (10 kB)
Collecting Werkzeug==0.16.0
  Downloading Werkzeug-0.16.0-py2.py3-none-any.whl (327 kB)
Installing collected packages: six, numpy, MarkupSafe, Werkzeug, scipy, pytz, python-dateutil, Jinja2, itsdangerous, Click, scikit-learn, pandas, Flask
Successfully installed Click-7.0 Flask-1.0.2 Jinja2-2.10.3 MarkupSafe-1.1.1 Werkzeug-0.16.0 itsdangerous-1.1.0 numpy-1.17.2 pandas-0.24.2 python-dateutil-2.8.0 pytz-2019.3 scikit-learn-0.20.3 scipy-1.3.1 six-1.12.0
Removing intermediate container e3ded3c18098
 ---> 8f8eccdea4c1
Step 5/6 : EXPOSE 80
 ---> Running in 3eb87e4d42eb
Removing intermediate container 3eb87e4d42eb
 ---> efc89b16de98
Step 6/6 : CMD ["python","app.py"]
 ---> Running in 0fbbae7ce622
Removing intermediate container 0fbbae7ce622
 ---> 97e9be9d5ea8
Successfully built 97e9be9d5ea8
Successfully tagged api-endpoint:latest
REPOSITORY          TAG                 IMAGE ID            CREATED                  SIZE
api-endpoint        latest              97e9be9d5ea8        Less than a second ago   1.24GB
lambci/lambda       nodejs12.x          22a4ada8399c        2 months ago             390MB
python              3.7.3-stretch       34a518642c76        21 months ago            929MB
 * Serving Flask app "app" (lazy loading)
 * Environment: production
   WARNING: Do not use the development server in a production environment.
   Use a production WSGI server instead.
 * Debug mode: on
 * Running on http://0.0.0.0:80/ (Press CTRL+C to quit)
 * Restarting with stat
 * Debugger is active!
 * Debugger PIN: 105-320-087
[2021-03-31 16:09:52,960] INFO in app: JSON payload: 
{'CHAS': {'0': 0}, 'RM': {'0': 6.575}, 'TAX': {'0': 296.0}, 'PTRATIO': {'0': 15.3}, 'B': {'0': 396.9}, 'LSTAT': {'0': 4.98}}
[2021-03-31 16:09:52,980] INFO in app: Inference payload DataFrame: 
   CHAS     RM    TAX  PTRATIO      B  LSTAT
0     0  6.575  296.0     15.3  396.9   4.98
[2021-03-31 16:09:52,994] INFO in app: Scaling Payload: 
   CHAS     RM    TAX  PTRATIO      B  LSTAT
0     0  6.575  296.0     15.3  396.9   4.98
[2021-03-31 16:09:53,000] INFO in app: Prediction Output: 
[20.35373177134412]
172.17.0.1 - - [31/Mar/2021 16:09:53] "POST /predict HTTP/1.1" 200 -
